﻿LQD_HIEU‣bowling: 0.00
bowling.cpp
Dịch thành công

LQD_HIEU‣bowling‣test01: 0.00
Thời gian ≈ 0.102208100 giây
Kết quả KHÁC đáp án!
LQD_HIEU‣bowling‣test02: 0.00
Thời gian ≈ 0.105845000 giây
Kết quả KHÁC đáp án!
LQD_HIEU‣bowling‣test03: 0.00
Thời gian ≈ 0.108226000 giây
Kết quả KHÁC đáp án!
LQD_HIEU‣bowling‣test04: 0.00
Thời gian ≈ 0.095220200 giây
Kết quả KHÁC đáp án!
LQD_HIEU‣bowling‣test05: 0.00
Thời gian ≈ 0.110684500 giây
Kết quả KHÁC đáp án!
LQD_HIEU‣bowling‣test06: 0.00
Thời gian ≈ 0.102561200 giây
Kết quả KHÁC đáp án!
LQD_HIEU‣bowling‣test07: 0.00
Thời gian ≈ 0.102323700 giây
Kết quả KHÁC đáp án!
LQD_HIEU‣bowling‣test08: 0.00
Thời gian ≈ 0.106466900 giây
Kết quả KHÁC đáp án!
LQD_HIEU‣bowling‣test09: 0.00
Thời gian ≈ 0.106643400 giây
Kết quả KHÁC đáp án!
LQD_HIEU‣bowling‣test10: 0.00
Thời gian ≈ 0.105382500 giây
Kết quả KHÁC đáp án!
