﻿LQD_HIEU‣partitions2: 100.00
partitions2.cpp
Dịch thành công

LQD_HIEU‣partitions2‣test01: 2.00
Thời gian ≈ 0.125088200 giây
Kết quả khớp đáp án!
LQD_HIEU‣partitions2‣test02: 2.00
Thời gian ≈ 0.107357300 giây
Kết quả khớp đáp án!
LQD_HIEU‣partitions2‣test03: 2.00
Thời gian ≈ 0.102139100 giây
Kết quả khớp đáp án!
LQD_HIEU‣partitions2‣test04: 2.00
Thời gian ≈ 0.093470900 giây
Kết quả khớp đáp án!
LQD_HIEU‣partitions2‣test05: 2.00
Thời gian ≈ 0.097876100 giây
Kết quả khớp đáp án!
LQD_HIEU‣partitions2‣test06: 2.00
Thời gian ≈ 0.097076600 giây
Kết quả khớp đáp án!
LQD_HIEU‣partitions2‣test07: 2.00
Thời gian ≈ 0.089898800 giây
Kết quả khớp đáp án!
LQD_HIEU‣partitions2‣test08: 2.00
Thời gian ≈ 0.096590700 giây
Kết quả khớp đáp án!
LQD_HIEU‣partitions2‣test09: 2.00
Thời gian ≈ 0.092377300 giây
Kết quả khớp đáp án!
LQD_HIEU‣partitions2‣test10: 2.00
Thời gian ≈ 0.104715300 giây
Kết quả khớp đáp án!
LQD_HIEU‣partitions2‣test11: 2.00
Thời gian ≈ 0.102149700 giây
Kết quả khớp đáp án!
LQD_HIEU‣partitions2‣test12: 2.00
Thời gian ≈ 0.094672900 giây
Kết quả khớp đáp án!
LQD_HIEU‣partitions2‣test13: 2.00
Thời gian ≈ 0.089071600 giây
Kết quả khớp đáp án!
LQD_HIEU‣partitions2‣test14: 2.00
Thời gian ≈ 0.084661200 giây
Kết quả khớp đáp án!
LQD_HIEU‣partitions2‣test15: 2.00
Thời gian ≈ 0.094552300 giây
Kết quả khớp đáp án!
LQD_HIEU‣partitions2‣test16: 2.00
Thời gian ≈ 0.086660700 giây
Kết quả khớp đáp án!
LQD_HIEU‣partitions2‣test17: 2.00
Thời gian ≈ 0.090382200 giây
Kết quả khớp đáp án!
LQD_HIEU‣partitions2‣test18: 2.00
Thời gian ≈ 0.092731500 giây
Kết quả khớp đáp án!
LQD_HIEU‣partitions2‣test19: 2.00
Thời gian ≈ 0.094817200 giây
Kết quả khớp đáp án!
LQD_HIEU‣partitions2‣test20: 2.00
Thời gian ≈ 0.096475700 giây
Kết quả khớp đáp án!
LQD_HIEU‣partitions2‣test21: 2.00
Thời gian ≈ 0.083862900 giây
Kết quả khớp đáp án!
LQD_HIEU‣partitions2‣test22: 2.00
Thời gian ≈ 0.091895700 giây
Kết quả khớp đáp án!
LQD_HIEU‣partitions2‣test23: 2.00
Thời gian ≈ 0.096782300 giây
Kết quả khớp đáp án!
LQD_HIEU‣partitions2‣test24: 2.00
Thời gian ≈ 0.088166800 giây
Kết quả khớp đáp án!
LQD_HIEU‣partitions2‣test25: 2.00
Thời gian ≈ 0.095425300 giây
Kết quả khớp đáp án!
LQD_HIEU‣partitions2‣test26: 2.00
Thời gian ≈ 0.095990800 giây
Kết quả khớp đáp án!
LQD_HIEU‣partitions2‣test27: 2.00
Thời gian ≈ 0.099911900 giây
Kết quả khớp đáp án!
LQD_HIEU‣partitions2‣test28: 2.00
Thời gian ≈ 0.095480500 giây
Kết quả khớp đáp án!
LQD_HIEU‣partitions2‣test29: 2.00
Thời gian ≈ 0.095891100 giây
Kết quả khớp đáp án!
LQD_HIEU‣partitions2‣test30: 2.00
Thời gian ≈ 0.088643800 giây
Kết quả khớp đáp án!
LQD_HIEU‣partitions2‣test31: 2.00
Thời gian ≈ 0.089583600 giây
Kết quả khớp đáp án!
LQD_HIEU‣partitions2‣test32: 2.00
Thời gian ≈ 0.093652400 giây
Kết quả khớp đáp án!
LQD_HIEU‣partitions2‣test33: 2.00
Thời gian ≈ 0.094935900 giây
Kết quả khớp đáp án!
LQD_HIEU‣partitions2‣test34: 2.00
Thời gian ≈ 0.089894300 giây
Kết quả khớp đáp án!
LQD_HIEU‣partitions2‣test35: 2.00
Thời gian ≈ 0.091596700 giây
Kết quả khớp đáp án!
LQD_HIEU‣partitions2‣test36: 2.00
Thời gian ≈ 0.097391600 giây
Kết quả khớp đáp án!
LQD_HIEU‣partitions2‣test37: 2.00
Thời gian ≈ 0.093237400 giây
Kết quả khớp đáp án!
LQD_HIEU‣partitions2‣test38: 2.00
Thời gian ≈ 0.089724600 giây
Kết quả khớp đáp án!
LQD_HIEU‣partitions2‣test39: 2.00
Thời gian ≈ 0.092312800 giây
Kết quả khớp đáp án!
LQD_HIEU‣partitions2‣test40: 2.00
Thời gian ≈ 0.089707800 giây
Kết quả khớp đáp án!
LQD_HIEU‣partitions2‣test41: 2.00
Thời gian ≈ 0.093213600 giây
Kết quả khớp đáp án!
LQD_HIEU‣partitions2‣test42: 2.00
Thời gian ≈ 0.094859200 giây
Kết quả khớp đáp án!
LQD_HIEU‣partitions2‣test43: 2.00
Thời gian ≈ 0.090802200 giây
Kết quả khớp đáp án!
LQD_HIEU‣partitions2‣test44: 2.00
Thời gian ≈ 0.101759400 giây
Kết quả khớp đáp án!
LQD_HIEU‣partitions2‣test45: 2.00
Thời gian ≈ 0.083372600 giây
Kết quả khớp đáp án!
LQD_HIEU‣partitions2‣test46: 2.00
Thời gian ≈ 0.081182500 giây
Kết quả khớp đáp án!
LQD_HIEU‣partitions2‣test47: 2.00
Thời gian ≈ 0.107478900 giây
Kết quả khớp đáp án!
LQD_HIEU‣partitions2‣test48: 2.00
Thời gian ≈ 0.094889100 giây
Kết quả khớp đáp án!
LQD_HIEU‣partitions2‣test49: 2.00
Thời gian ≈ 0.097094900 giây
Kết quả khớp đáp án!
LQD_HIEU‣partitions2‣test50: 2.00
Thời gian ≈ 0.096637300 giây
Kết quả khớp đáp án!
