﻿LQD_HIEU‣haiti: 0.00
haiti.cpp
Dịch thành công

LQD_HIEU‣haiti‣test01: 0.00
Thời gian ≈ 0.115049500 giây
SAI
tot hon dap an, dung mo*
LQD_HIEU‣haiti‣test02: 0.00
Thời gian ≈ 0.110767500 giây
SAI
tot hon dap an, dung mo*
LQD_HIEU‣haiti‣test03: 0.00
Thời gian ≈ 0.081558300 giây
SAI
tot hon dap an, dung mo*
LQD_HIEU‣haiti‣test04: 0.00
Thời gian ≈ 0.091734600 giây
SAI
tot hon dap an, dung mo*
LQD_HIEU‣haiti‣test05: 0.00
Thời gian ≈ 0.091087100 giây
SAI
tot hon dap an, dung mo*
LQD_HIEU‣haiti‣test06: 0.00
Thời gian ≈ 0.095631400 giây
SAI
tot hon dap an, dung mo*
LQD_HIEU‣haiti‣test07: 0.00
Thời gian ≈ 0.113465000 giây
SAI
tot hon dap an, dung mo*
LQD_HIEU‣haiti‣test08: 0.00
Thời gian ≈ 0.107944100 giây
SAI
tot hon dap an, dung mo*
LQD_HIEU‣haiti‣test09: 0.00
Thời gian ≈ 0.079864600 giây
SAI
tot hon dap an, dung mo*
LQD_HIEU‣haiti‣test10: 0.00
Thời gian ≈ 0.105665600 giây
SAI
tot hon dap an, dung mo*
LQD_HIEU‣haiti‣test11: 0.00
Thời gian ≈ 0.096856100 giây
SAI
tot hon dap an, dung mo*
LQD_HIEU‣haiti‣test12: 0.00
Thời gian ≈ 0.086107400 giây
SAI
tot hon dap an, dung mo*
LQD_HIEU‣haiti‣test13: 0.00
Thời gian ≈ 0.097238200 giây
SAI
tot hon dap an, dung mo*
LQD_HIEU‣haiti‣test14: 0.00
Thời gian ≈ 0.095328600 giây
SAI
tot hon dap an, dung mo*
LQD_HIEU‣haiti‣test15: 0.00
Thời gian ≈ 0.088364500 giây
SAI
tot hon dap an, dung mo*
LQD_HIEU‣haiti‣test16: 0.00
Thời gian ≈ 0.093027300 giây
SAI
tot hon dap an, dung mo*
LQD_HIEU‣haiti‣test17: 0.00
Thời gian ≈ 0.093127500 giây
SAI
tot hon dap an, dung mo*
LQD_HIEU‣haiti‣test18: 0.00
Thời gian ≈ 0.094103600 giây
SAI
tot hon dap an, dung mo*
LQD_HIEU‣haiti‣test19: 0.00
Thời gian ≈ 0.099871100 giây
SAI
tot hon dap an, dung mo*
LQD_HIEU‣haiti‣test20: 0.00
Thời gian ≈ 0.103201200 giây
SAI
tot hon dap an, dung mo*
LQD_HIEU‣haiti‣test21: 0.00
Thời gian ≈ 0.096942100 giây
SAI
tot hon dap an, dung mo*
LQD_HIEU‣haiti‣test22: 0.00
Thời gian ≈ 0.087979800 giây
SAI
tot hon dap an, dung mo*
LQD_HIEU‣haiti‣test23: 0.00
Thời gian ≈ 0.097912400 giây
SAI
tot hon dap an, dung mo*
LQD_HIEU‣haiti‣test24: 0.00
Thời gian ≈ 0.092128400 giây
SAI
tot hon dap an, dung mo*
LQD_HIEU‣haiti‣test25: 0.00
Thời gian ≈ 0.098585300 giây
SAI
tot hon dap an, dung mo*
LQD_HIEU‣haiti‣test26: 0.00
Thời gian ≈ 0.089885600 giây
SAI
tot hon dap an, dung mo*
LQD_HIEU‣haiti‣test27: 0.00
Thời gian ≈ 0.091018100 giây
SAI
tot hon dap an, dung mo*
LQD_HIEU‣haiti‣test28: 0.00
Thời gian ≈ 0.086865100 giây
SAI
tot hon dap an, dung mo*
LQD_HIEU‣haiti‣test29: 0.00
Thời gian ≈ 0.094197400 giây
SAI
tot hon dap an, dung mo*
LQD_HIEU‣haiti‣test30: 0.00
Thời gian ≈ 0.093664000 giây
SAI
tot hon dap an, dung mo*
LQD_HIEU‣haiti‣test31: 0.00
Thời gian ≈ 0.100004200 giây
SAI
tot hon dap an, dung mo*
LQD_HIEU‣haiti‣test32: 0.00
Thời gian ≈ 0.077808500 giây
SAI
tot hon dap an, dung mo*
